    [mkdir] Created dir: C:\caTissueRelatedProjects\13. wustl_common_utilities\software\target\download

validate:pre:build:

clean:
   [delete] Deleting directory C:\caTissueRelatedProjects\13. wustl_common_utilities\software\target\temp

init:
     [echo]  ______   ______   _______ 
     [echo] (____  \ (______) (_______)
     [echo]  ____)  ) _     _  _______ 
     [echo] |  __  ( | |   | ||  ___  |
     [echo] | |__)  )| |__/ / | |   | |
     [echo] |______/ |_____/  |_|   |_|
    [mkdir] Created dir: C:\caTissueRelatedProjects\13. wustl_common_utilities\software\target\dist
    [mkdir] Created dir: C:\caTissueRelatedProjects\13. wustl_common_utilities\software\target\dist\exploded
    [mkdir] Created dir: C:\caTissueRelatedProjects\13. wustl_common_utilities\software\target\temp
    [mkdir] Created dir: C:\caTissueRelatedProjects\13. wustl_common_utilities\software\target\persistent-transient

keygen:
     [echo] Using existing certificate for jar signing.
     [echo] Signing jar file at C:\caTissueRelatedProjects\13. wustl_common_utilities\software\build\nci-dev-signing.keystore not found, skipping validation.

build:washu-commons-api:

build:washu-commons-webapp:

clean:

compile:
    [mkdir] Created dir: C:\caTissueRelatedProjects\13. wustl_common_utilities\software\target\temp\src\classes
    [javac] Compiling 49 source files to C:\caTissueRelatedProjects\13. wustl_common_utilities\software\target\temp\src\classes
    [javac] Note: Some input files use unchecked or unsafe operations.
    [javac] Note: Recompile with -Xlint:unchecked for details.
     [copy] Copying 1 file to C:\caTissueRelatedProjects\13. wustl_common_utilities\software\target\temp\src\classes

build.jar:
      [jar] Building jar: C:\caTissueRelatedProjects\13. wustl_common_utilities\software\local-ivy-repo\washu-commons-1.1.8.jar

build.src.zip:
     [copy] Copying 51 files to C:\caTissueRelatedProjects\13. wustl_common_utilities\software\target\dist\exploded

dist:

build:all:

BUILD SUCCESSFUL
